<?xml version="1.0" encoding="UTF-8"?>
<!-- Generated by org.testng.reporters.JUnitReportReporter -->
<testsuite skipped="0" hostname="Sakthi" name="listenser.TC001" tests="1" failures="0" timestamp="31 Dec 2022 01:32:30 GMT" time="19.273" errors="0">
  <testcase name="webAPP" time="19.273" classname="listenser.TC001"/>
</testsuite> <!-- listenser.TC001 -->
